<?xml version="1.0" encoding="UTF-8"?>
<!-- Generated by org.testng.reporters.JUnitReportReporter -->
<testsuite hostname="BIJAYEENI" failures="0" tests="1" name="tests.Runner1" time="10.042" errors="0" timestamp="2024-06-26T12:00:28 IST" skipped="0">
  <testcase classname="tests.Runner1" name="runScenario" time="10.042"/>
  <system-out/>
</testsuite> <!-- tests.Runner1 -->
